04-Jun-2020 08:49:25.334 INFO [main] org.apache.catalina.startup.VersionLoggerListener.log Server version name:   Apache Tomcat/9.0.34
04-Jun-2020 08:49:25.344 INFO [main] org.apache.catalina.startup.VersionLoggerListener.log Server built:          Apr 3 2020 12:02:52 UTC
04-Jun-2020 08:49:25.344 INFO [main] org.apache.catalina.startup.VersionLoggerListener.log Server version number: 9.0.34.0
04-Jun-2020 08:49:25.344 INFO [main] org.apache.catalina.startup.VersionLoggerListener.log OS Name:               Linux
04-Jun-2020 08:49:25.345 INFO [main] org.apache.catalina.startup.VersionLoggerListener.log OS Version:            4.14.171-105.231.amzn1.x86_64
04-Jun-2020 08:49:25.345 INFO [main] org.apache.catalina.startup.VersionLoggerListener.log Architecture:          amd64
04-Jun-2020 08:49:25.345 INFO [main] org.apache.catalina.startup.VersionLoggerListener.log Java Home:             /usr/lib/jvm/java-1.8.0-openjdk-1.8.0.242.b08-0.50.amzn1.x86_64/jre
04-Jun-2020 08:49:25.345 INFO [main] org.apache.catalina.startup.VersionLoggerListener.log JVM Version:           1.8.0_242-b08
04-Jun-2020 08:49:25.345 INFO [main] org.apache.catalina.startup.VersionLoggerListener.log JVM Vendor:            Oracle Corporation
04-Jun-2020 08:49:25.345 INFO [main] org.apache.catalina.startup.VersionLoggerListener.log CATALINA_BASE:         /home/ec2-user/environment/AJP-Training/社内研修(Webアプリケーション)/Stage1-A/Tomcat
04-Jun-2020 08:49:25.345 INFO [main] org.apache.catalina.startup.VersionLoggerListener.log CATALINA_HOME:         /home/ec2-user/environment/AJP-Training/社内研修(Webアプリケーション)/Stage1-A/Tomcat
04-Jun-2020 08:49:25.356 INFO [main] org.apache.catalina.startup.VersionLoggerListener.log Command line argument: -Djava.util.logging.config.file=/home/ec2-user/environment/AJP-Training/社内研修(Webアプリケーション)/Stage1-A/Tomcat/conf/logging.properties
04-Jun-2020 08:49:25.356 INFO [main] org.apache.catalina.startup.VersionLoggerListener.log Command line argument: -Djava.util.logging.manager=org.apache.juli.ClassLoaderLogManager
04-Jun-2020 08:49:25.356 INFO [main] org.apache.catalina.startup.VersionLoggerListener.log Command line argument: -Djdk.tls.ephemeralDHKeySize=2048
04-Jun-2020 08:49:25.356 INFO [main] org.apache.catalina.startup.VersionLoggerListener.log Command line argument: -Djava.protocol.handler.pkgs=org.apache.catalina.webresources
04-Jun-2020 08:49:25.356 INFO [main] org.apache.catalina.startup.VersionLoggerListener.log Command line argument: -Dorg.apache.catalina.security.SecurityListener.UMASK=0027
04-Jun-2020 08:49:25.356 INFO [main] org.apache.catalina.startup.VersionLoggerListener.log Command line argument: -Dignore.endorsed.dirs=
04-Jun-2020 08:49:25.357 INFO [main] org.apache.catalina.startup.VersionLoggerListener.log Command line argument: -Dcatalina.base=/home/ec2-user/environment/AJP-Training/社内研修(Webアプリケーション)/Stage1-A/Tomcat
04-Jun-2020 08:49:25.357 INFO [main] org.apache.catalina.startup.VersionLoggerListener.log Command line argument: -Dcatalina.home=/home/ec2-user/environment/AJP-Training/社内研修(Webアプリケーション)/Stage1-A/Tomcat
04-Jun-2020 08:49:25.357 INFO [main] org.apache.catalina.startup.VersionLoggerListener.log Command line argument: -Djava.io.tmpdir=/home/ec2-user/environment/AJP-Training/社内研修(Webアプリケーション)/Stage1-A/Tomcat/temp
04-Jun-2020 08:49:25.357 INFO [main] org.apache.catalina.core.AprLifecycleListener.lifecycleEvent The APR based Apache Tomcat Native library which allows optimal performance in production environments was not found on the java.library.path: [/usr/java/packages/lib/amd64:/usr/lib64:/lib64:/lib:/usr/lib]
04-Jun-2020 08:49:26.033 INFO [main] org.apache.coyote.AbstractProtocol.init Initializing ProtocolHandler ["http-nio-8080"]
04-Jun-2020 08:49:26.093 INFO [main] org.apache.catalina.startup.Catalina.load Server initialization in [1,213] milliseconds
04-Jun-2020 08:49:26.148 INFO [main] org.apache.catalina.core.StandardService.startInternal Starting service [Catalina]
04-Jun-2020 08:49:26.148 INFO [main] org.apache.catalina.core.StandardEngine.startInternal Starting Servlet engine: [Apache Tomcat/9.0.34]
04-Jun-2020 08:49:26.167 INFO [main] org.apache.catalina.startup.HostConfig.deployDirectory Deploying web application directory [/home/ec2-user/environment/AJP-Training/社内研修(Webアプリケーション)/Stage1-A/Tomcat/webapps/host-manager]
04-Jun-2020 08:49:26.731 INFO [main] org.apache.catalina.startup.HostConfig.deployDirectory Deployment of web application directory [/home/ec2-user/environment/AJP-Training/社内研修(Webアプリケーション)/Stage1-A/Tomcat/webapps/host-manager] has finished in [563] ms
04-Jun-2020 08:49:26.731 INFO [main] org.apache.catalina.startup.HostConfig.deployDirectory Deploying web application directory [/home/ec2-user/environment/AJP-Training/社内研修(Webアプリケーション)/Stage1-A/Tomcat/webapps/test]
04-Jun-2020 08:49:26.834 INFO [main] org.apache.catalina.startup.HostConfig.deployDirectory Deployment of web application directory [/home/ec2-user/environment/AJP-Training/社内研修(Webアプリケーション)/Stage1-A/Tomcat/webapps/test] has finished in [103] ms
04-Jun-2020 08:49:26.835 INFO [main] org.apache.catalina.startup.HostConfig.deployDirectory Deploying web application directory [/home/ec2-user/environment/AJP-Training/社内研修(Webアプリケーション)/Stage1-A/Tomcat/webapps/ROOT]
04-Jun-2020 08:49:26.870 INFO [main] org.apache.catalina.startup.HostConfig.deployDirectory Deployment of web application directory [/home/ec2-user/environment/AJP-Training/社内研修(Webアプリケーション)/Stage1-A/Tomcat/webapps/ROOT] has finished in [28] ms
04-Jun-2020 08:49:26.871 INFO [main] org.apache.catalina.startup.HostConfig.deployDirectory Deploying web application directory [/home/ec2-user/environment/AJP-Training/社内研修(Webアプリケーション)/Stage1-A/Tomcat/webapps/Stage5-A]
04-Jun-2020 08:49:26.923 INFO [main] org.apache.catalina.startup.HostConfig.deployDirectory Deployment of web application directory [/home/ec2-user/environment/AJP-Training/社内研修(Webアプリケーション)/Stage1-A/Tomcat/webapps/Stage5-A] has finished in [52] ms
04-Jun-2020 08:49:26.927 INFO [main] org.apache.catalina.startup.HostConfig.deployDirectory Deploying web application directory [/home/ec2-user/environment/AJP-Training/社内研修(Webアプリケーション)/Stage1-A/Tomcat/webapps/answer]
04-Jun-2020 08:49:26.968 INFO [main] org.apache.catalina.startup.HostConfig.deployDirectory Deployment of web application directory [/home/ec2-user/environment/AJP-Training/社内研修(Webアプリケーション)/Stage1-A/Tomcat/webapps/answer] has finished in [41] ms
04-Jun-2020 08:49:26.973 INFO [main] org.apache.catalina.startup.HostConfig.deployDirectory Deploying web application directory [/home/ec2-user/environment/AJP-Training/社内研修(Webアプリケーション)/Stage1-A/Tomcat/webapps/docs]
04-Jun-2020 08:49:27.009 INFO [main] org.apache.catalina.startup.HostConfig.deployDirectory Deployment of web application directory [/home/ec2-user/environment/AJP-Training/社内研修(Webアプリケーション)/Stage1-A/Tomcat/webapps/docs] has finished in [37] ms
04-Jun-2020 08:49:27.011 INFO [main] org.apache.catalina.startup.HostConfig.deployDirectory Deploying web application directory [/home/ec2-user/environment/AJP-Training/社内研修(Webアプリケーション)/Stage1-A/Tomcat/webapps/examples]
04-Jun-2020 08:49:27.501 INFO [main] org.apache.catalina.startup.HostConfig.deployDirectory Deployment of web application directory [/home/ec2-user/environment/AJP-Training/社内研修(Webアプリケーション)/Stage1-A/Tomcat/webapps/examples] has finished in [490] ms
04-Jun-2020 08:49:27.501 INFO [main] org.apache.catalina.startup.HostConfig.deployDirectory Deploying web application directory [/home/ec2-user/environment/AJP-Training/社内研修(Webアプリケーション)/Stage1-A/Tomcat/webapps/manager]
04-Jun-2020 08:49:27.579 INFO [main] org.apache.catalina.startup.HostConfig.deployDirectory Deployment of web application directory [/home/ec2-user/environment/AJP-Training/社内研修(Webアプリケーション)/Stage1-A/Tomcat/webapps/manager] has finished in [78] ms
04-Jun-2020 08:49:27.588 INFO [main] org.apache.coyote.AbstractProtocol.start Starting ProtocolHandler ["http-nio-8080"]
04-Jun-2020 08:49:27.619 INFO [main] org.apache.catalina.startup.Catalina.start Server startup in [1,525] milliseconds
04-Jun-2020 08:50:27.612 INFO [Catalina-utility-2] org.apache.catalina.startup.HostConfig.reload Reloading context [/test]
04-Jun-2020 08:50:27.613 INFO [Catalina-utility-2] org.apache.catalina.core.StandardContext.reload Reloading Context with name [/test] has started
04-Jun-2020 08:50:27.673 INFO [Catalina-utility-2] org.apache.catalina.core.StandardContext.reload Reloading Context with name [/test] is completed
04-Jun-2020 08:50:37.681 INFO [Catalina-utility-1] org.apache.catalina.startup.HostConfig.reload Reloading context [/test]
04-Jun-2020 08:50:37.681 INFO [Catalina-utility-1] org.apache.catalina.core.StandardContext.reload Reloading Context with name [/test] has started
04-Jun-2020 08:50:37.726 INFO [Catalina-utility-1] org.apache.catalina.core.StandardContext.reload Reloading Context with name [/test] is completed
04-Jun-2020 08:51:17.742 INFO [Catalina-utility-2] org.apache.catalina.startup.HostConfig.reload Reloading context [/test]
04-Jun-2020 08:51:17.744 INFO [Catalina-utility-2] org.apache.catalina.core.StandardContext.reload Reloading Context with name [/test] has started
04-Jun-2020 08:51:17.821 INFO [Catalina-utility-2] org.apache.catalina.core.StandardContext.reload Reloading Context with name [/test] is completed
04-Jun-2020 08:51:57.832 INFO [Catalina-utility-2] org.apache.catalina.startup.HostConfig.reload Reloading context [/test]
04-Jun-2020 08:51:57.832 INFO [Catalina-utility-2] org.apache.catalina.core.StandardContext.reload Reloading Context with name [/test] has started
04-Jun-2020 08:51:57.871 INFO [Catalina-utility-2] org.apache.catalina.core.StandardContext.reload Reloading Context with name [/test] is completed
04-Jun-2020 08:52:18.377 INFO [Catalina-utility-2] org.apache.catalina.startup.HostConfig.undeploy Undeploying context [/Stage5-A]
04-Jun-2020 09:33:48.698 INFO [Catalina-utility-2] org.apache.catalina.startup.HostConfig.deployDirectory Deploying web application directory [/home/ec2-user/environment/AJP-Training/社内研修(Webアプリケーション)/Stage1-A/Tomcat/webapps/test2]
04-Jun-2020 09:33:48.749 INFO [Catalina-utility-2] org.apache.catalina.startup.HostConfig.deployDirectory Deployment of web application directory [/home/ec2-user/environment/AJP-Training/社内研修(Webアプリケーション)/Stage1-A/Tomcat/webapps/test2] has finished in [51] ms
04-Jun-2020 09:34:08.752 INFO [Catalina-utility-2] org.apache.catalina.startup.HostConfig.reload Reloading context [/test2]
04-Jun-2020 09:34:08.752 INFO [Catalina-utility-2] org.apache.catalina.core.StandardContext.reload Reloading Context with name [/test2] has started
04-Jun-2020 09:34:08.775 SEVERE [Catalina-utility-2] org.apache.tomcat.util.digester.Digester.fatalError Parse fatal error at line [1] column [1]
	org.xml.sax.SAXParseException; systemId: file:/home/ec2-user/environment/AJP-Training/社内研修(Webアプリケーション)/Stage1-A/Tomcat/webapps/test2/WEB-INF/web.xml; lineNumber: 1; columnNumber: 1; Premature end of file.
		at com.sun.org.apache.xerces.internal.util.ErrorHandlerWrapper.createSAXParseException(ErrorHandlerWrapper.java:203)
		at com.sun.org.apache.xerces.internal.util.ErrorHandlerWrapper.fatalError(ErrorHandlerWrapper.java:177)
		at com.sun.org.apache.xerces.internal.impl.XMLErrorReporter.reportError(XMLErrorReporter.java:400)
		at com.sun.org.apache.xerces.internal.impl.XMLErrorReporter.reportError(XMLErrorReporter.java:327)
		at com.sun.org.apache.xerces.internal.impl.XMLScanner.reportFatalError(XMLScanner.java:1472)
		at com.sun.org.apache.xerces.internal.impl.XMLDocumentScannerImpl$PrologDriver.next(XMLDocumentScannerImpl.java:1014)
		at com.sun.org.apache.xerces.internal.impl.XMLDocumentScannerImpl.next(XMLDocumentScannerImpl.java:602)
		at com.sun.org.apache.xerces.internal.impl.XMLDocumentFragmentScannerImpl.scanDocument(XMLDocumentFragmentScannerImpl.java:505)
		at com.sun.org.apache.xerces.internal.parsers.XML11Configuration.parse(XML11Configuration.java:842)
		at com.sun.org.apache.xerces.internal.parsers.XML11Configuration.parse(XML11Configuration.java:771)
		at com.sun.org.apache.xerces.internal.parsers.XMLParser.parse(XMLParser.java:141)
		at com.sun.org.apache.xerces.internal.parsers.AbstractSAXParser.parse(AbstractSAXParser.java:1213)
		at com.sun.org.apache.xerces.internal.jaxp.SAXParserImpl$JAXPSAXParser.parse(SAXParserImpl.java:643)
		at org.apache.tomcat.util.digester.Digester.parse(Digester.java:1478)
		at org.apache.tomcat.util.descriptor.web.WebXmlParser.parseWebXml(WebXmlParser.java:119)
		at org.apache.catalina.startup.ContextConfig.webConfig(ContextConfig.java:1116)
		at org.apache.catalina.startup.ContextConfig.configureStart(ContextConfig.java:774)
		at org.apache.catalina.startup.ContextConfig.lifecycleEvent(ContextConfig.java:301)
		at org.apache.catalina.util.LifecycleBase.fireLifecycleEvent(LifecycleBase.java:123)
		at org.apache.catalina.core.StandardContext.startInternal(StandardContext.java:5056)
		at org.apache.catalina.util.LifecycleBase.start(LifecycleBase.java:183)
		at org.apache.catalina.core.StandardContext.reload(StandardContext.java:3763)
		at org.apache.catalina.startup.HostConfig.reload(HostConfig.java:1403)
		at org.apache.catalina.startup.HostConfig.checkResources(HostConfig.java:1376)
		at org.apache.catalina.startup.HostConfig.check(HostConfig.java:1611)
		at org.apache.catalina.startup.HostConfig.lifecycleEvent(HostConfig.java:305)
		at org.apache.catalina.util.LifecycleBase.fireLifecycleEvent(LifecycleBase.java:123)
		at org.apache.catalina.core.ContainerBase.backgroundProcess(ContainerBase.java:1151)
		at org.apache.catalina.core.ContainerBase$ContainerBackgroundProcessor.processChildren(ContainerBase.java:1353)
		at org.apache.catalina.core.ContainerBase$ContainerBackgroundProcessor.processChildren(ContainerBase.java:1357)
		at org.apache.catalina.core.ContainerBase$ContainerBackgroundProcessor.run(ContainerBase.java:1335)
		at java.util.concurrent.Executors$RunnableAdapter.call(Executors.java:511)
		at java.util.concurrent.FutureTask.runAndReset(FutureTask.java:308)
		at java.util.concurrent.ScheduledThreadPoolExecutor$ScheduledFutureTask.access$301(ScheduledThreadPoolExecutor.java:180)
		at java.util.concurrent.ScheduledThreadPoolExecutor$ScheduledFutureTask.run(ScheduledThreadPoolExecutor.java:294)
		at java.util.concurrent.ThreadPoolExecutor.runWorker(ThreadPoolExecutor.java:1149)
		at java.util.concurrent.ThreadPoolExecutor$Worker.run(ThreadPoolExecutor.java:624)
		at org.apache.tomcat.util.threads.TaskThread$WrappingRunnable.run(TaskThread.java:61)
		at java.lang.Thread.run(Thread.java:748)
04-Jun-2020 09:34:08.780 SEVERE [Catalina-utility-2] org.apache.tomcat.util.descriptor.web.WebXmlParser.parseWebXml Parse error in application web.xml file at [file:/home/ec2-user/environment/AJP-Training/社内研修(Webアプリケーション)/Stage1-A/Tomcat/webapps/test2/WEB-INF/web.xml]
	org.xml.sax.SAXParseException; systemId: file:/home/ec2-user/environment/AJP-Training/社内研修(Webアプリケーション)/Stage1-A/Tomcat/webapps/test2/WEB-INF/web.xml; lineNumber: 1; columnNumber: 1; Premature end of file.
		at com.sun.org.apache.xerces.internal.util.ErrorHandlerWrapper.createSAXParseException(ErrorHandlerWrapper.java:203)
		at com.sun.org.apache.xerces.internal.util.ErrorHandlerWrapper.fatalError(ErrorHandlerWrapper.java:177)
		at com.sun.org.apache.xerces.internal.impl.XMLErrorReporter.reportError(XMLErrorReporter.java:400)
		at com.sun.org.apache.xerces.internal.impl.XMLErrorReporter.reportError(XMLErrorReporter.java:327)
		at com.sun.org.apache.xerces.internal.impl.XMLScanner.reportFatalError(XMLScanner.java:1472)
		at com.sun.org.apache.xerces.internal.impl.XMLDocumentScannerImpl$PrologDriver.next(XMLDocumentScannerImpl.java:1014)
		at com.sun.org.apache.xerces.internal.impl.XMLDocumentScannerImpl.next(XMLDocumentScannerImpl.java:602)
		at com.sun.org.apache.xerces.internal.impl.XMLDocumentFragmentScannerImpl.scanDocument(XMLDocumentFragmentScannerImpl.java:505)
		at com.sun.org.apache.xerces.internal.parsers.XML11Configuration.parse(XML11Configuration.java:842)
		at com.sun.org.apache.xerces.internal.parsers.XML11Configuration.parse(XML11Configuration.java:771)
		at com.sun.org.apache.xerces.internal.parsers.XMLParser.parse(XMLParser.java:141)
		at com.sun.org.apache.xerces.internal.parsers.AbstractSAXParser.parse(AbstractSAXParser.java:1213)
		at com.sun.org.apache.xerces.internal.jaxp.SAXParserImpl$JAXPSAXParser.parse(SAXParserImpl.java:643)
		at org.apache.tomcat.util.digester.Digester.parse(Digester.java:1478)
		at org.apache.tomcat.util.descriptor.web.WebXmlParser.parseWebXml(WebXmlParser.java:119)
		at org.apache.catalina.startup.ContextConfig.webConfig(ContextConfig.java:1116)
		at org.apache.catalina.startup.ContextConfig.configureStart(ContextConfig.java:774)
		at org.apache.catalina.startup.ContextConfig.lifecycleEvent(ContextConfig.java:301)
		at org.apache.catalina.util.LifecycleBase.fireLifecycleEvent(LifecycleBase.java:123)
		at org.apache.catalina.core.StandardContext.startInternal(StandardContext.java:5056)
		at org.apache.catalina.util.LifecycleBase.start(LifecycleBase.java:183)
		at org.apache.catalina.core.StandardContext.reload(StandardContext.java:3763)
		at org.apache.catalina.startup.HostConfig.reload(HostConfig.java:1403)
		at org.apache.catalina.startup.HostConfig.checkResources(HostConfig.java:1376)
		at org.apache.catalina.startup.HostConfig.check(HostConfig.java:1611)
		at org.apache.catalina.startup.HostConfig.lifecycleEvent(HostConfig.java:305)
		at org.apache.catalina.util.LifecycleBase.fireLifecycleEvent(LifecycleBase.java:123)
		at org.apache.catalina.core.ContainerBase.backgroundProcess(ContainerBase.java:1151)
		at org.apache.catalina.core.ContainerBase$ContainerBackgroundProcessor.processChildren(ContainerBase.java:1353)
		at org.apache.catalina.core.ContainerBase$ContainerBackgroundProcessor.processChildren(ContainerBase.java:1357)
		at org.apache.catalina.core.ContainerBase$ContainerBackgroundProcessor.run(ContainerBase.java:1335)
		at java.util.concurrent.Executors$RunnableAdapter.call(Executors.java:511)
		at java.util.concurrent.FutureTask.runAndReset(FutureTask.java:308)
		at java.util.concurrent.ScheduledThreadPoolExecutor$ScheduledFutureTask.access$301(ScheduledThreadPoolExecutor.java:180)
		at java.util.concurrent.ScheduledThreadPoolExecutor$ScheduledFutureTask.run(ScheduledThreadPoolExecutor.java:294)
		at java.util.concurrent.ThreadPoolExecutor.runWorker(ThreadPoolExecutor.java:1149)
		at java.util.concurrent.ThreadPoolExecutor$Worker.run(ThreadPoolExecutor.java:624)
		at org.apache.tomcat.util.threads.TaskThread$WrappingRunnable.run(TaskThread.java:61)
		at java.lang.Thread.run(Thread.java:748)
04-Jun-2020 09:34:08.780 SEVERE [Catalina-utility-2] org.apache.tomcat.util.descriptor.web.WebXmlParser.parseWebXml Occurred at line [1] column [1]
04-Jun-2020 09:34:08.781 SEVERE [Catalina-utility-2] org.apache.catalina.startup.ContextConfig.configureStart Marking this application unavailable due to previous error(s)
04-Jun-2020 09:34:08.781 SEVERE [Catalina-utility-2] org.apache.catalina.core.StandardContext.startInternal One or more components marked the context as not correctly configured
04-Jun-2020 09:34:08.781 SEVERE [Catalina-utility-2] org.apache.catalina.core.StandardContext.startInternal Context [/test2] startup failed due to previous errors
04-Jun-2020 09:34:08.787 INFO [Catalina-utility-2] org.apache.catalina.core.StandardContext.reload Reloading Context with name [/test2] is completed
04-Jun-2020 09:34:38.790 INFO [Catalina-utility-2] org.apache.catalina.startup.HostConfig.reload Reloading context [/test2]
04-Jun-2020 10:12:59.068 INFO [Catalina-utility-2] org.apache.catalina.startup.HostConfig.reload Reloading context [/test2]
04-Jun-2020 10:12:59.069 INFO [Catalina-utility-2] org.apache.catalina.core.StandardContext.reload Reloading Context with name [/test2] has started
04-Jun-2020 10:12:59.117 INFO [Catalina-utility-2] org.apache.catalina.core.StandardContext.reload Reloading Context with name [/test2] is completed
04-Jun-2020 10:18:29.158 INFO [Catalina-utility-1] org.apache.catalina.startup.HostConfig.reload Reloading context [/test2]
04-Jun-2020 10:18:29.158 INFO [Catalina-utility-1] org.apache.catalina.core.StandardContext.reload Reloading Context with name [/test2] has started
04-Jun-2020 10:18:29.192 INFO [Catalina-utility-1] org.apache.catalina.core.StandardContext.reload Reloading Context with name [/test2] is completed
04-Jun-2020 10:31:39.272 INFO [Catalina-utility-1] org.apache.catalina.startup.HostConfig.deployDirectory Deploying web application directory [/home/ec2-user/environment/AJP-Training/社内研修(Webアプリケーション)/Stage1-A/Tomcat/webapps/test3]
04-Jun-2020 10:31:39.298 INFO [Catalina-utility-1] org.apache.catalina.startup.HostConfig.deployDirectory Deployment of web application directory [/home/ec2-user/environment/AJP-Training/社内研修(Webアプリケーション)/Stage1-A/Tomcat/webapps/test3] has finished in [26] ms
04-Jun-2020 10:33:19.308 INFO [Catalina-utility-1] org.apache.catalina.startup.HostConfig.reload Reloading context [/test3]
04-Jun-2020 10:33:19.308 INFO [Catalina-utility-1] org.apache.catalina.core.StandardContext.reload Reloading Context with name [/test3] has started
04-Jun-2020 10:33:19.325 SEVERE [Catalina-utility-1] org.apache.tomcat.util.digester.Digester.fatalError Parse fatal error at line [1] column [1]
	org.xml.sax.SAXParseException; systemId: file:/home/ec2-user/environment/AJP-Training/社内研修(Webアプリケーション)/Stage1-A/Tomcat/webapps/test3/WEB-INF/web.xml; lineNumber: 1; columnNumber: 1; Premature end of file.
		at com.sun.org.apache.xerces.internal.util.ErrorHandlerWrapper.createSAXParseException(ErrorHandlerWrapper.java:203)
		at com.sun.org.apache.xerces.internal.util.ErrorHandlerWrapper.fatalError(ErrorHandlerWrapper.java:177)
		at com.sun.org.apache.xerces.internal.impl.XMLErrorReporter.reportError(XMLErrorReporter.java:400)
		at com.sun.org.apache.xerces.internal.impl.XMLErrorReporter.reportError(XMLErrorReporter.java:327)
		at com.sun.org.apache.xerces.internal.impl.XMLScanner.reportFatalError(XMLScanner.java:1472)
		at com.sun.org.apache.xerces.internal.impl.XMLDocumentScannerImpl$PrologDriver.next(XMLDocumentScannerImpl.java:1014)
		at com.sun.org.apache.xerces.internal.impl.XMLDocumentScannerImpl.next(XMLDocumentScannerImpl.java:602)
		at com.sun.org.apache.xerces.internal.impl.XMLDocumentFragmentScannerImpl.scanDocument(XMLDocumentFragmentScannerImpl.java:505)
		at com.sun.org.apache.xerces.internal.parsers.XML11Configuration.parse(XML11Configuration.java:842)
		at com.sun.org.apache.xerces.internal.parsers.XML11Configuration.parse(XML11Configuration.java:771)
		at com.sun.org.apache.xerces.internal.parsers.XMLParser.parse(XMLParser.java:141)
		at com.sun.org.apache.xerces.internal.parsers.AbstractSAXParser.parse(AbstractSAXParser.java:1213)
		at com.sun.org.apache.xerces.internal.jaxp.SAXParserImpl$JAXPSAXParser.parse(SAXParserImpl.java:643)
		at org.apache.tomcat.util.digester.Digester.parse(Digester.java:1478)
		at org.apache.tomcat.util.descriptor.web.WebXmlParser.parseWebXml(WebXmlParser.java:119)
		at org.apache.catalina.startup.ContextConfig.webConfig(ContextConfig.java:1116)
		at org.apache.catalina.startup.ContextConfig.configureStart(ContextConfig.java:774)
		at org.apache.catalina.startup.ContextConfig.lifecycleEvent(ContextConfig.java:301)
		at org.apache.catalina.util.LifecycleBase.fireLifecycleEvent(LifecycleBase.java:123)
		at org.apache.catalina.core.StandardContext.startInternal(StandardContext.java:5056)
		at org.apache.catalina.util.LifecycleBase.start(LifecycleBase.java:183)
		at org.apache.catalina.core.StandardContext.reload(StandardContext.java:3763)
		at org.apache.catalina.startup.HostConfig.reload(HostConfig.java:1403)
		at org.apache.catalina.startup.HostConfig.checkResources(HostConfig.java:1376)
		at org.apache.catalina.startup.HostConfig.check(HostConfig.java:1611)
		at org.apache.catalina.startup.HostConfig.lifecycleEvent(HostConfig.java:305)
		at org.apache.catalina.util.LifecycleBase.fireLifecycleEvent(LifecycleBase.java:123)
		at org.apache.catalina.core.ContainerBase.backgroundProcess(ContainerBase.java:1151)
		at org.apache.catalina.core.ContainerBase$ContainerBackgroundProcessor.processChildren(ContainerBase.java:1353)
		at org.apache.catalina.core.ContainerBase$ContainerBackgroundProcessor.processChildren(ContainerBase.java:1357)
		at org.apache.catalina.core.ContainerBase$ContainerBackgroundProcessor.run(ContainerBase.java:1335)
		at java.util.concurrent.Executors$RunnableAdapter.call(Executors.java:511)
		at java.util.concurrent.FutureTask.runAndReset(FutureTask.java:308)
		at java.util.concurrent.ScheduledThreadPoolExecutor$ScheduledFutureTask.access$301(ScheduledThreadPoolExecutor.java:180)
		at java.util.concurrent.ScheduledThreadPoolExecutor$ScheduledFutureTask.run(ScheduledThreadPoolExecutor.java:294)
		at java.util.concurrent.ThreadPoolExecutor.runWorker(ThreadPoolExecutor.java:1149)
		at java.util.concurrent.ThreadPoolExecutor$Worker.run(ThreadPoolExecutor.java:624)
		at org.apache.tomcat.util.threads.TaskThread$WrappingRunnable.run(TaskThread.java:61)
		at java.lang.Thread.run(Thread.java:748)
04-Jun-2020 10:33:19.327 SEVERE [Catalina-utility-1] org.apache.tomcat.util.descriptor.web.WebXmlParser.parseWebXml Parse error in application web.xml file at [file:/home/ec2-user/environment/AJP-Training/社内研修(Webアプリケーション)/Stage1-A/Tomcat/webapps/test3/WEB-INF/web.xml]
	org.xml.sax.SAXParseException; systemId: file:/home/ec2-user/environment/AJP-Training/社内研修(Webアプリケーション)/Stage1-A/Tomcat/webapps/test3/WEB-INF/web.xml; lineNumber: 1; columnNumber: 1; Premature end of file.
		at com.sun.org.apache.xerces.internal.util.ErrorHandlerWrapper.createSAXParseException(ErrorHandlerWrapper.java:203)
		at com.sun.org.apache.xerces.internal.util.ErrorHandlerWrapper.fatalError(ErrorHandlerWrapper.java:177)
		at com.sun.org.apache.xerces.internal.impl.XMLErrorReporter.reportError(XMLErrorReporter.java:400)
		at com.sun.org.apache.xerces.internal.impl.XMLErrorReporter.reportError(XMLErrorReporter.java:327)
		at com.sun.org.apache.xerces.internal.impl.XMLScanner.reportFatalError(XMLScanner.java:1472)
		at com.sun.org.apache.xerces.internal.impl.XMLDocumentScannerImpl$PrologDriver.next(XMLDocumentScannerImpl.java:1014)
		at com.sun.org.apache.xerces.internal.impl.XMLDocumentScannerImpl.next(XMLDocumentScannerImpl.java:602)
		at com.sun.org.apache.xerces.internal.impl.XMLDocumentFragmentScannerImpl.scanDocument(XMLDocumentFragmentScannerImpl.java:505)
		at com.sun.org.apache.xerces.internal.parsers.XML11Configuration.parse(XML11Configuration.java:842)
		at com.sun.org.apache.xerces.internal.parsers.XML11Configuration.parse(XML11Configuration.java:771)
		at com.sun.org.apache.xerces.internal.parsers.XMLParser.parse(XMLParser.java:141)
		at com.sun.org.apache.xerces.internal.parsers.AbstractSAXParser.parse(AbstractSAXParser.java:1213)
		at com.sun.org.apache.xerces.internal.jaxp.SAXParserImpl$JAXPSAXParser.parse(SAXParserImpl.java:643)
		at org.apache.tomcat.util.digester.Digester.parse(Digester.java:1478)
		at org.apache.tomcat.util.descriptor.web.WebXmlParser.parseWebXml(WebXmlParser.java:119)
		at org.apache.catalina.startup.ContextConfig.webConfig(ContextConfig.java:1116)
		at org.apache.catalina.startup.ContextConfig.configureStart(ContextConfig.java:774)
		at org.apache.catalina.startup.ContextConfig.lifecycleEvent(ContextConfig.java:301)
		at org.apache.catalina.util.LifecycleBase.fireLifecycleEvent(LifecycleBase.java:123)
		at org.apache.catalina.core.StandardContext.startInternal(StandardContext.java:5056)
		at org.apache.catalina.util.LifecycleBase.start(LifecycleBase.java:183)
		at org.apache.catalina.core.StandardContext.reload(StandardContext.java:3763)
		at org.apache.catalina.startup.HostConfig.reload(HostConfig.java:1403)
		at org.apache.catalina.startup.HostConfig.checkResources(HostConfig.java:1376)
		at org.apache.catalina.startup.HostConfig.check(HostConfig.java:1611)
		at org.apache.catalina.startup.HostConfig.lifecycleEvent(HostConfig.java:305)
		at org.apache.catalina.util.LifecycleBase.fireLifecycleEvent(LifecycleBase.java:123)
		at org.apache.catalina.core.ContainerBase.backgroundProcess(ContainerBase.java:1151)
		at org.apache.catalina.core.ContainerBase$ContainerBackgroundProcessor.processChildren(ContainerBase.java:1353)
		at org.apache.catalina.core.ContainerBase$ContainerBackgroundProcessor.processChildren(ContainerBase.java:1357)
		at org.apache.catalina.core.ContainerBase$ContainerBackgroundProcessor.run(ContainerBase.java:1335)
		at java.util.concurrent.Executors$RunnableAdapter.call(Executors.java:511)
		at java.util.concurrent.FutureTask.runAndReset(FutureTask.java:308)
		at java.util.concurrent.ScheduledThreadPoolExecutor$ScheduledFutureTask.access$301(ScheduledThreadPoolExecutor.java:180)
		at java.util.concurrent.ScheduledThreadPoolExecutor$ScheduledFutureTask.run(ScheduledThreadPoolExecutor.java:294)
		at java.util.concurrent.ThreadPoolExecutor.runWorker(ThreadPoolExecutor.java:1149)
		at java.util.concurrent.ThreadPoolExecutor$Worker.run(ThreadPoolExecutor.java:624)
		at org.apache.tomcat.util.threads.TaskThread$WrappingRunnable.run(TaskThread.java:61)
		at java.lang.Thread.run(Thread.java:748)
04-Jun-2020 10:33:19.329 SEVERE [Catalina-utility-1] org.apache.tomcat.util.descriptor.web.WebXmlParser.parseWebXml Occurred at line [1] column [1]
04-Jun-2020 10:33:19.330 SEVERE [Catalina-utility-1] org.apache.catalina.startup.ContextConfig.configureStart Marking this application unavailable due to previous error(s)
04-Jun-2020 10:33:19.331 SEVERE [Catalina-utility-1] org.apache.catalina.core.StandardContext.startInternal One or more components marked the context as not correctly configured
04-Jun-2020 10:33:19.331 SEVERE [Catalina-utility-1] org.apache.catalina.core.StandardContext.startInternal Context [/test3] startup failed due to previous errors
04-Jun-2020 10:33:19.335 INFO [Catalina-utility-1] org.apache.catalina.core.StandardContext.reload Reloading Context with name [/test3] is completed
04-Jun-2020 10:33:49.338 INFO [Catalina-utility-2] org.apache.catalina.startup.HostConfig.reload Reloading context [/test3]
04-Jun-2020 10:38:39.387 INFO [Catalina-utility-1] org.apache.catalina.startup.HostConfig.reload Reloading context [/test2]
04-Jun-2020 10:38:39.388 INFO [Catalina-utility-1] org.apache.catalina.core.StandardContext.reload Reloading Context with name [/test2] has started
04-Jun-2020 10:38:39.415 INFO [Catalina-utility-1] org.apache.catalina.core.StandardContext.reload Reloading Context with name [/test2] is completed
04-Jun-2020 10:39:09.919 INFO [Catalina-utility-2] org.apache.catalina.startup.HostConfig.undeploy Undeploying context [/test3]
04-Jun-2020 10:52:20.015 INFO [Catalina-utility-2] org.apache.catalina.startup.HostConfig.reload Reloading context [/test2]
04-Jun-2020 10:52:20.015 INFO [Catalina-utility-2] org.apache.catalina.core.StandardContext.reload Reloading Context with name [/test2] has started
04-Jun-2020 10:52:20.059 INFO [Catalina-utility-2] org.apache.catalina.core.StandardContext.reload Reloading Context with name [/test2] is completed
04-Jun-2020 11:04:40.134 INFO [Catalina-utility-2] org.apache.catalina.startup.HostConfig.deployDirectory Deploying web application directory [/home/ec2-user/environment/AJP-Training/社内研修(Webアプリケーション)/Stage1-A/Tomcat/webapps/test3]
04-Jun-2020 11:04:40.161 INFO [Catalina-utility-2] org.apache.catalina.startup.HostConfig.deployDirectory Deployment of web application directory [/home/ec2-user/environment/AJP-Training/社内研修(Webアプリケーション)/Stage1-A/Tomcat/webapps/test3] has finished in [27] ms
04-Jun-2020 11:08:00.182 INFO [Catalina-utility-2] org.apache.catalina.startup.HostConfig.reload Reloading context [/test3]
04-Jun-2020 11:08:00.182 INFO [Catalina-utility-2] org.apache.catalina.core.StandardContext.reload Reloading Context with name [/test3] has started
04-Jun-2020 11:08:00.213 INFO [Catalina-utility-2] org.apache.catalina.core.StandardContext.reload Reloading Context with name [/test3] is completed
04-Jun-2020 11:08:20.216 INFO [Catalina-utility-2] org.apache.catalina.startup.HostConfig.reload Reloading context [/test3]
04-Jun-2020 11:08:20.216 INFO [Catalina-utility-2] org.apache.catalina.core.StandardContext.reload Reloading Context with name [/test3] has started
04-Jun-2020 11:08:20.239 INFO [Catalina-utility-2] org.apache.catalina.core.StandardContext.reload Reloading Context with name [/test3] is completed
04-Jun-2020 11:09:00.244 INFO [Catalina-utility-1] org.apache.catalina.startup.HostConfig.reload Reloading context [/test3]
04-Jun-2020 11:09:00.244 INFO [Catalina-utility-1] org.apache.catalina.core.StandardContext.reload Reloading Context with name [/test3] has started
04-Jun-2020 11:09:00.278 INFO [Catalina-utility-1] org.apache.catalina.core.StandardContext.reload Reloading Context with name [/test3] is completed
04-Jun-2020 11:11:00.294 INFO [Catalina-utility-2] org.apache.catalina.startup.HostConfig.reload Reloading context [/test3]
04-Jun-2020 11:11:00.294 INFO [Catalina-utility-2] org.apache.catalina.core.StandardContext.reload Reloading Context with name [/test3] has started
04-Jun-2020 11:11:00.321 INFO [Catalina-utility-2] org.apache.catalina.core.StandardContext.reload Reloading Context with name [/test3] is completed
04-Jun-2020 11:11:40.826 INFO [Catalina-utility-2] org.apache.catalina.startup.HostConfig.undeploy Undeploying context [/test3]
04-Jun-2020 11:13:20.841 INFO [Catalina-utility-1] org.apache.catalina.startup.HostConfig.reload Reloading context [/test2]
04-Jun-2020 11:13:20.841 INFO [Catalina-utility-1] org.apache.catalina.core.StandardContext.reload Reloading Context with name [/test2] has started
04-Jun-2020 11:13:20.879 INFO [Catalina-utility-1] org.apache.catalina.core.StandardContext.reload Reloading Context with name [/test2] is completed
04-Jun-2020 11:13:50.882 INFO [Catalina-utility-1] org.apache.catalina.startup.HostConfig.reload Reloading context [/test2]
04-Jun-2020 11:13:50.882 INFO [Catalina-utility-1] org.apache.catalina.core.StandardContext.reload Reloading Context with name [/test2] has started
04-Jun-2020 11:13:50.904 INFO [Catalina-utility-1] org.apache.catalina.core.StandardContext.reload Reloading Context with name [/test2] is completed
04-Jun-2020 11:15:50.917 INFO [Catalina-utility-1] org.apache.catalina.startup.HostConfig.deployDirectory Deploying web application directory [/home/ec2-user/environment/AJP-Training/社内研修(Webアプリケーション)/Stage1-A/Tomcat/webapps/Stage5-A]
04-Jun-2020 11:15:50.945 INFO [Catalina-utility-1] org.apache.catalina.startup.HostConfig.deployDirectory Deployment of web application directory [/home/ec2-user/environment/AJP-Training/社内研修(Webアプリケーション)/Stage1-A/Tomcat/webapps/Stage5-A] has finished in [28] ms
04-Jun-2020 11:16:21.457 INFO [Catalina-utility-2] org.apache.catalina.startup.HostConfig.undeploy Undeploying context [/Stage5-A]
04-Jun-2020 11:26:21.520 INFO [Catalina-utility-1] org.apache.catalina.startup.HostConfig.reload Reloading context [/test2]
04-Jun-2020 11:26:21.521 INFO [Catalina-utility-1] org.apache.catalina.core.StandardContext.reload Reloading Context with name [/test2] has started
04-Jun-2020 11:26:21.538 INFO [Catalina-utility-1] org.apache.catalina.core.StandardContext.reload Reloading Context with name [/test2] is completed
04-Jun-2020 11:26:41.541 INFO [Catalina-utility-1] org.apache.catalina.startup.HostConfig.reload Reloading context [/test2]
04-Jun-2020 11:26:41.541 INFO [Catalina-utility-1] org.apache.catalina.core.StandardContext.reload Reloading Context with name [/test2] has started
04-Jun-2020 11:26:41.575 INFO [Catalina-utility-1] org.apache.catalina.core.StandardContext.reload Reloading Context with name [/test2] is completed
04-Jun-2020 11:27:21.580 INFO [Catalina-utility-2] org.apache.catalina.startup.HostConfig.reload Reloading context [/test2]
04-Jun-2020 11:27:21.580 INFO [Catalina-utility-2] org.apache.catalina.core.StandardContext.reload Reloading Context with name [/test2] has started
04-Jun-2020 11:27:21.616 INFO [Catalina-utility-2] org.apache.catalina.core.StandardContext.reload Reloading Context with name [/test2] is completed
04-Jun-2020 11:29:11.691 INFO [Catalina-utility-1] org.apache.catalina.startup.HostConfig.reload Reloading context [/test2]
04-Jun-2020 11:29:11.691 INFO [Catalina-utility-1] org.apache.catalina.core.StandardContext.reload Reloading Context with name [/test2] has started
04-Jun-2020 11:29:11.731 INFO [Catalina-utility-1] org.apache.catalina.core.StandardContext.reload Reloading Context with name [/test2] is completed
04-Jun-2020 11:30:31.740 INFO [Catalina-utility-1] org.apache.catalina.startup.HostConfig.reload Reloading context [/test2]
04-Jun-2020 11:30:31.740 INFO [Catalina-utility-1] org.apache.catalina.core.StandardContext.reload Reloading Context with name [/test2] has started
04-Jun-2020 11:30:31.765 INFO [Catalina-utility-1] org.apache.catalina.core.StandardContext.reload Reloading Context with name [/test2] is completed
04-Jun-2020 11:36:31.808 INFO [Catalina-utility-2] org.apache.catalina.startup.HostConfig.reload Reloading context [/test2]
04-Jun-2020 11:36:31.808 INFO [Catalina-utility-2] org.apache.catalina.core.StandardContext.reload Reloading Context with name [/test2] has started
04-Jun-2020 11:36:31.829 INFO [Catalina-utility-2] org.apache.catalina.core.StandardContext.reload Reloading Context with name [/test2] is completed
04-Jun-2020 11:38:41.842 INFO [Catalina-utility-2] org.apache.catalina.startup.HostConfig.reload Reloading context [/test2]
04-Jun-2020 11:38:41.842 INFO [Catalina-utility-2] org.apache.catalina.core.StandardContext.reload Reloading Context with name [/test2] has started
04-Jun-2020 11:38:41.866 INFO [Catalina-utility-2] org.apache.catalina.core.StandardContext.reload Reloading Context with name [/test2] is completed
04-Jun-2020 11:40:11.880 INFO [Catalina-utility-1] org.apache.catalina.startup.HostConfig.reload Reloading context [/test2]
04-Jun-2020 11:40:11.880 INFO [Catalina-utility-1] org.apache.catalina.core.StandardContext.reload Reloading Context with name [/test2] has started
04-Jun-2020 11:40:11.909 INFO [Catalina-utility-1] org.apache.catalina.core.StandardContext.reload Reloading Context with name [/test2] is completed
04-Jun-2020 11:42:31.924 INFO [Catalina-utility-2] org.apache.catalina.startup.HostConfig.reload Reloading context [/test2]
04-Jun-2020 11:42:31.924 INFO [Catalina-utility-2] org.apache.catalina.core.StandardContext.reload Reloading Context with name [/test2] has started
04-Jun-2020 11:42:31.951 INFO [Catalina-utility-2] org.apache.catalina.core.StandardContext.reload Reloading Context with name [/test2] is completed
04-Jun-2020 11:44:21.962 INFO [Catalina-utility-1] org.apache.catalina.startup.HostConfig.reload Reloading context [/test2]
04-Jun-2020 11:44:21.963 INFO [Catalina-utility-1] org.apache.catalina.core.StandardContext.reload Reloading Context with name [/test2] has started
04-Jun-2020 11:44:21.981 INFO [Catalina-utility-1] org.apache.catalina.core.StandardContext.reload Reloading Context with name [/test2] is completed
04-Jun-2020 11:46:11.992 INFO [Catalina-utility-1] org.apache.catalina.startup.HostConfig.reload Reloading context [/test2]
04-Jun-2020 11:46:11.992 INFO [Catalina-utility-1] org.apache.catalina.core.StandardContext.reload Reloading Context with name [/test2] has started
04-Jun-2020 11:46:12.013 INFO [Catalina-utility-1] org.apache.catalina.core.StandardContext.reload Reloading Context with name [/test2] is completed
04-Jun-2020 11:47:32.020 INFO [Catalina-utility-1] org.apache.catalina.startup.HostConfig.reload Reloading context [/test2]
04-Jun-2020 11:47:32.020 INFO [Catalina-utility-1] org.apache.catalina.core.StandardContext.reload Reloading Context with name [/test2] has started
04-Jun-2020 11:47:32.046 INFO [Catalina-utility-1] org.apache.catalina.core.StandardContext.reload Reloading Context with name [/test2] is completed
04-Jun-2020 11:48:52.054 INFO [Catalina-utility-2] org.apache.catalina.startup.HostConfig.reload Reloading context [/test2]
04-Jun-2020 11:48:52.054 INFO [Catalina-utility-2] org.apache.catalina.core.StandardContext.reload Reloading Context with name [/test2] has started
04-Jun-2020 11:48:52.086 INFO [Catalina-utility-2] org.apache.catalina.core.StandardContext.reload Reloading Context with name [/test2] is completed
04-Jun-2020 11:50:32.095 INFO [Catalina-utility-1] org.apache.catalina.startup.HostConfig.reload Reloading context [/test2]
04-Jun-2020 11:50:32.096 INFO [Catalina-utility-1] org.apache.catalina.core.StandardContext.reload Reloading Context with name [/test2] has started
04-Jun-2020 11:50:32.123 INFO [Catalina-utility-1] org.apache.catalina.core.StandardContext.reload Reloading Context with name [/test2] is completed
04-Jun-2020 11:54:02.146 INFO [Catalina-utility-2] org.apache.catalina.startup.HostConfig.reload Reloading context [/test2]
04-Jun-2020 11:54:02.146 INFO [Catalina-utility-2] org.apache.catalina.core.StandardContext.reload Reloading Context with name [/test2] has started
04-Jun-2020 11:54:02.163 INFO [Catalina-utility-2] org.apache.catalina.core.StandardContext.reload Reloading Context with name [/test2] is completed
04-Jun-2020 11:58:22.187 INFO [Catalina-utility-1] org.apache.catalina.startup.HostConfig.reload Reloading context [/test2]
04-Jun-2020 11:58:22.187 INFO [Catalina-utility-1] org.apache.catalina.core.StandardContext.reload Reloading Context with name [/test2] has started
04-Jun-2020 11:58:22.222 INFO [Catalina-utility-1] org.apache.catalina.core.StandardContext.reload Reloading Context with name [/test2] is completed
04-Jun-2020 12:02:32.250 INFO [Catalina-utility-1] org.apache.catalina.startup.HostConfig.reload Reloading context [/test2]
04-Jun-2020 12:02:32.250 INFO [Catalina-utility-1] org.apache.catalina.core.StandardContext.reload Reloading Context with name [/test2] has started
04-Jun-2020 12:02:32.268 INFO [Catalina-utility-1] org.apache.catalina.core.StandardContext.reload Reloading Context with name [/test2] is completed
04-Jun-2020 12:04:02.277 INFO [Catalina-utility-2] org.apache.catalina.startup.HostConfig.reload Reloading context [/test2]
04-Jun-2020 12:04:02.277 INFO [Catalina-utility-2] org.apache.catalina.core.StandardContext.reload Reloading Context with name [/test2] has started
04-Jun-2020 12:04:02.308 INFO [Catalina-utility-2] org.apache.catalina.core.StandardContext.reload Reloading Context with name [/test2] is completed
04-Jun-2020 12:40:08.606 INFO [Thread-4] org.apache.coyote.AbstractProtocol.pause Pausing ProtocolHandler ["http-nio-8080"]
04-Jun-2020 12:40:08.614 INFO [Thread-4] org.apache.catalina.core.StandardService.stopInternal Stopping service [Catalina]
04-Jun-2020 12:40:08.653 INFO [Thread-4] org.apache.coyote.AbstractProtocol.stop Stopping ProtocolHandler ["http-nio-8080"]
04-Jun-2020 12:40:08.655 INFO [Thread-4] org.apache.coyote.AbstractProtocol.destroy Destroying ProtocolHandler ["http-nio-8080"]
04-Jun-2020 13:08:29.504 INFO [main] org.apache.catalina.startup.VersionLoggerListener.log Server version name:   Apache Tomcat/9.0.34
04-Jun-2020 13:08:29.513 INFO [main] org.apache.catalina.startup.VersionLoggerListener.log Server built:          Apr 3 2020 12:02:52 UTC
04-Jun-2020 13:08:29.513 INFO [main] org.apache.catalina.startup.VersionLoggerListener.log Server version number: 9.0.34.0
04-Jun-2020 13:08:29.513 INFO [main] org.apache.catalina.startup.VersionLoggerListener.log OS Name:               Linux
04-Jun-2020 13:08:29.513 INFO [main] org.apache.catalina.startup.VersionLoggerListener.log OS Version:            4.14.171-105.231.amzn1.x86_64
04-Jun-2020 13:08:29.514 INFO [main] org.apache.catalina.startup.VersionLoggerListener.log Architecture:          amd64
04-Jun-2020 13:08:29.514 INFO [main] org.apache.catalina.startup.VersionLoggerListener.log Java Home:             /usr/lib/jvm/java-1.8.0-openjdk-1.8.0.242.b08-0.50.amzn1.x86_64/jre
04-Jun-2020 13:08:29.514 INFO [main] org.apache.catalina.startup.VersionLoggerListener.log JVM Version:           1.8.0_242-b08
04-Jun-2020 13:08:29.514 INFO [main] org.apache.catalina.startup.VersionLoggerListener.log JVM Vendor:            Oracle Corporation
04-Jun-2020 13:08:29.514 INFO [main] org.apache.catalina.startup.VersionLoggerListener.log CATALINA_BASE:         /home/ec2-user/environment/AJP-Training/社内研修(Webアプリケーション)/Stage1-A/Tomcat
04-Jun-2020 13:08:29.514 INFO [main] org.apache.catalina.startup.VersionLoggerListener.log CATALINA_HOME:         /home/ec2-user/environment/AJP-Training/社内研修(Webアプリケーション)/Stage1-A/Tomcat
04-Jun-2020 13:08:29.526 INFO [main] org.apache.catalina.startup.VersionLoggerListener.log Command line argument: -Djava.util.logging.config.file=/home/ec2-user/environment/AJP-Training/社内研修(Webアプリケーション)/Stage1-A/Tomcat/conf/logging.properties
04-Jun-2020 13:08:29.527 INFO [main] org.apache.catalina.startup.VersionLoggerListener.log Command line argument: -Djava.util.logging.manager=org.apache.juli.ClassLoaderLogManager
04-Jun-2020 13:08:29.527 INFO [main] org.apache.catalina.startup.VersionLoggerListener.log Command line argument: -Djdk.tls.ephemeralDHKeySize=2048
04-Jun-2020 13:08:29.527 INFO [main] org.apache.catalina.startup.VersionLoggerListener.log Command line argument: -Djava.protocol.handler.pkgs=org.apache.catalina.webresources
04-Jun-2020 13:08:29.527 INFO [main] org.apache.catalina.startup.VersionLoggerListener.log Command line argument: -Dorg.apache.catalina.security.SecurityListener.UMASK=0027
04-Jun-2020 13:08:29.527 INFO [main] org.apache.catalina.startup.VersionLoggerListener.log Command line argument: -Dignore.endorsed.dirs=
04-Jun-2020 13:08:29.527 INFO [main] org.apache.catalina.startup.VersionLoggerListener.log Command line argument: -Dcatalina.base=/home/ec2-user/environment/AJP-Training/社内研修(Webアプリケーション)/Stage1-A/Tomcat
04-Jun-2020 13:08:29.527 INFO [main] org.apache.catalina.startup.VersionLoggerListener.log Command line argument: -Dcatalina.home=/home/ec2-user/environment/AJP-Training/社内研修(Webアプリケーション)/Stage1-A/Tomcat
04-Jun-2020 13:08:29.527 INFO [main] org.apache.catalina.startup.VersionLoggerListener.log Command line argument: -Djava.io.tmpdir=/home/ec2-user/environment/AJP-Training/社内研修(Webアプリケーション)/Stage1-A/Tomcat/temp
04-Jun-2020 13:08:29.527 INFO [main] org.apache.catalina.core.AprLifecycleListener.lifecycleEvent The APR based Apache Tomcat Native library which allows optimal performance in production environments was not found on the java.library.path: [/usr/java/packages/lib/amd64:/usr/lib64:/lib64:/lib:/usr/lib]
04-Jun-2020 13:08:30.190 INFO [main] org.apache.coyote.AbstractProtocol.init Initializing ProtocolHandler ["http-nio-8080"]
04-Jun-2020 13:08:30.251 INFO [main] org.apache.catalina.startup.Catalina.load Server initialization in [1,234] milliseconds
04-Jun-2020 13:08:30.301 INFO [main] org.apache.catalina.core.StandardService.startInternal Starting service [Catalina]
04-Jun-2020 13:08:30.302 INFO [main] org.apache.catalina.core.StandardEngine.startInternal Starting Servlet engine: [Apache Tomcat/9.0.34]
04-Jun-2020 13:08:30.321 INFO [main] org.apache.catalina.startup.HostConfig.deployDirectory Deploying web application directory [/home/ec2-user/environment/AJP-Training/社内研修(Webアプリケーション)/Stage1-A/Tomcat/webapps/host-manager]
04-Jun-2020 13:08:30.871 INFO [main] org.apache.catalina.startup.HostConfig.deployDirectory Deployment of web application directory [/home/ec2-user/environment/AJP-Training/社内研修(Webアプリケーション)/Stage1-A/Tomcat/webapps/host-manager] has finished in [551] ms
04-Jun-2020 13:08:30.872 INFO [main] org.apache.catalina.startup.HostConfig.deployDirectory Deploying web application directory [/home/ec2-user/environment/AJP-Training/社内研修(Webアプリケーション)/Stage1-A/Tomcat/webapps/test2]
04-Jun-2020 13:08:30.966 INFO [main] org.apache.catalina.startup.HostConfig.deployDirectory Deployment of web application directory [/home/ec2-user/environment/AJP-Training/社内研修(Webアプリケーション)/Stage1-A/Tomcat/webapps/test2] has finished in [94] ms
04-Jun-2020 13:08:30.967 INFO [main] org.apache.catalina.startup.HostConfig.deployDirectory Deploying web application directory [/home/ec2-user/environment/AJP-Training/社内研修(Webアプリケーション)/Stage1-A/Tomcat/webapps/test]
04-Jun-2020 13:08:31.013 INFO [main] org.apache.catalina.startup.HostConfig.deployDirectory Deployment of web application directory [/home/ec2-user/environment/AJP-Training/社内研修(Webアプリケーション)/Stage1-A/Tomcat/webapps/test] has finished in [46] ms
04-Jun-2020 13:08:31.022 INFO [main] org.apache.catalina.startup.HostConfig.deployDirectory Deploying web application directory [/home/ec2-user/environment/AJP-Training/社内研修(Webアプリケーション)/Stage1-A/Tomcat/webapps/ROOT]
04-Jun-2020 13:08:31.062 INFO [main] org.apache.catalina.startup.HostConfig.deployDirectory Deployment of web application directory [/home/ec2-user/environment/AJP-Training/社内研修(Webアプリケーション)/Stage1-A/Tomcat/webapps/ROOT] has finished in [40] ms
04-Jun-2020 13:08:31.062 INFO [main] org.apache.catalina.startup.HostConfig.deployDirectory Deploying web application directory [/home/ec2-user/environment/AJP-Training/社内研修(Webアプリケーション)/Stage1-A/Tomcat/webapps/answer]
04-Jun-2020 13:08:31.102 INFO [main] org.apache.catalina.startup.HostConfig.deployDirectory Deployment of web application directory [/home/ec2-user/environment/AJP-Training/社内研修(Webアプリケーション)/Stage1-A/Tomcat/webapps/answer] has finished in [40] ms
04-Jun-2020 13:08:31.104 INFO [main] org.apache.catalina.startup.HostConfig.deployDirectory Deploying web application directory [/home/ec2-user/environment/AJP-Training/社内研修(Webアプリケーション)/Stage1-A/Tomcat/webapps/docs]
04-Jun-2020 13:08:31.143 INFO [main] org.apache.catalina.startup.HostConfig.deployDirectory Deployment of web application directory [/home/ec2-user/environment/AJP-Training/社内研修(Webアプリケーション)/Stage1-A/Tomcat/webapps/docs] has finished in [39] ms
04-Jun-2020 13:08:31.143 INFO [main] org.apache.catalina.startup.HostConfig.deployDirectory Deploying web application directory [/home/ec2-user/environment/AJP-Training/社内研修(Webアプリケーション)/Stage1-A/Tomcat/webapps/examples]
04-Jun-2020 13:08:31.663 INFO [main] org.apache.catalina.startup.HostConfig.deployDirectory Deployment of web application directory [/home/ec2-user/environment/AJP-Training/社内研修(Webアプリケーション)/Stage1-A/Tomcat/webapps/examples] has finished in [520] ms
04-Jun-2020 13:08:31.663 INFO [main] org.apache.catalina.startup.HostConfig.deployDirectory Deploying web application directory [/home/ec2-user/environment/AJP-Training/社内研修(Webアプリケーション)/Stage1-A/Tomcat/webapps/manager]
04-Jun-2020 13:08:31.754 INFO [main] org.apache.catalina.startup.HostConfig.deployDirectory Deployment of web application directory [/home/ec2-user/environment/AJP-Training/社内研修(Webアプリケーション)/Stage1-A/Tomcat/webapps/manager] has finished in [91] ms
04-Jun-2020 13:08:31.764 INFO [main] org.apache.coyote.AbstractProtocol.start Starting ProtocolHandler ["http-nio-8080"]
04-Jun-2020 13:08:31.800 INFO [main] org.apache.catalina.startup.Catalina.start Server startup in [1,549] milliseconds
04-Jun-2020 13:40:42.077 INFO [Catalina-utility-2] org.apache.catalina.startup.HostConfig.reload Reloading context [/test2]
04-Jun-2020 13:40:42.077 INFO [Catalina-utility-2] org.apache.catalina.core.StandardContext.reload Reloading Context with name [/test2] has started
04-Jun-2020 13:40:42.157 INFO [Catalina-utility-2] org.apache.catalina.core.StandardContext.reload Reloading Context with name [/test2] is completed
04-Jun-2020 13:41:12.162 INFO [Catalina-utility-2] org.apache.catalina.startup.HostConfig.reload Reloading context [/test2]
04-Jun-2020 13:41:12.162 INFO [Catalina-utility-2] org.apache.catalina.core.StandardContext.reload Reloading Context with name [/test2] has started
04-Jun-2020 13:41:12.207 INFO [Catalina-utility-2] org.apache.catalina.core.StandardContext.reload Reloading Context with name [/test2] is completed
04-Jun-2020 13:42:12.216 INFO [Catalina-utility-2] org.apache.catalina.startup.HostConfig.reload Reloading context [/test2]
04-Jun-2020 13:42:12.216 INFO [Catalina-utility-2] org.apache.catalina.core.StandardContext.reload Reloading Context with name [/test2] has started
04-Jun-2020 13:42:12.251 INFO [Catalina-utility-2] org.apache.catalina.core.StandardContext.reload Reloading Context with name [/test2] is completed
04-Jun-2020 13:43:22.260 INFO [Catalina-utility-2] org.apache.catalina.startup.HostConfig.reload Reloading context [/test2]
04-Jun-2020 13:43:22.260 INFO [Catalina-utility-2] org.apache.catalina.core.StandardContext.reload Reloading Context with name [/test2] has started
04-Jun-2020 13:43:22.299 INFO [Catalina-utility-2] org.apache.catalina.core.StandardContext.reload Reloading Context with name [/test2] is completed
04-Jun-2020 13:47:12.331 INFO [Catalina-utility-1] org.apache.catalina.startup.HostConfig.reload Reloading context [/test2]
04-Jun-2020 13:47:12.331 INFO [Catalina-utility-1] org.apache.catalina.core.StandardContext.reload Reloading Context with name [/test2] has started
04-Jun-2020 13:47:12.369 INFO [Catalina-utility-1] org.apache.catalina.core.StandardContext.reload Reloading Context with name [/test2] is completed
04-Jun-2020 13:49:12.385 INFO [Catalina-utility-1] org.apache.catalina.startup.HostConfig.reload Reloading context [/test2]
04-Jun-2020 13:49:12.385 INFO [Catalina-utility-1] org.apache.catalina.core.StandardContext.reload Reloading Context with name [/test2] has started
04-Jun-2020 13:49:12.416 INFO [Catalina-utility-1] org.apache.catalina.core.StandardContext.reload Reloading Context with name [/test2] is completed
04-Jun-2020 13:51:02.433 INFO [Catalina-utility-1] org.apache.catalina.startup.HostConfig.reload Reloading context [/test2]
04-Jun-2020 13:51:02.433 INFO [Catalina-utility-1] org.apache.catalina.core.StandardContext.reload Reloading Context with name [/test2] has started
04-Jun-2020 13:51:02.468 INFO [Catalina-utility-1] org.apache.catalina.core.StandardContext.reload Reloading Context with name [/test2] is completed
04-Jun-2020 13:51:12.473 INFO [Catalina-utility-2] org.apache.catalina.startup.HostConfig.reload Reloading context [/test2]
04-Jun-2020 13:51:12.473 INFO [Catalina-utility-2] org.apache.catalina.core.StandardContext.reload Reloading Context with name [/test2] has started
04-Jun-2020 13:51:12.512 INFO [Catalina-utility-2] org.apache.catalina.core.StandardContext.reload Reloading Context with name [/test2] is completed
04-Jun-2020 13:52:32.524 INFO [Catalina-utility-2] org.apache.catalina.startup.HostConfig.reload Reloading context [/test2]
04-Jun-2020 13:52:32.524 INFO [Catalina-utility-2] org.apache.catalina.core.StandardContext.reload Reloading Context with name [/test2] has started
04-Jun-2020 13:52:32.552 INFO [Catalina-utility-2] org.apache.catalina.core.StandardContext.reload Reloading Context with name [/test2] is completed
04-Jun-2020 14:03:12.622 INFO [Catalina-utility-2] org.apache.catalina.startup.HostConfig.reload Reloading context [/test2]
04-Jun-2020 14:03:12.622 INFO [Catalina-utility-2] org.apache.catalina.core.StandardContext.reload Reloading Context with name [/test2] has started
04-Jun-2020 14:03:12.660 INFO [Catalina-utility-2] org.apache.catalina.core.StandardContext.reload Reloading Context with name [/test2] is completed
04-Jun-2020 14:04:22.672 INFO [Catalina-utility-1] org.apache.catalina.startup.HostConfig.reload Reloading context [/test2]
04-Jun-2020 14:04:22.672 INFO [Catalina-utility-1] org.apache.catalina.core.StandardContext.reload Reloading Context with name [/test2] has started
04-Jun-2020 14:04:22.705 INFO [Catalina-utility-1] org.apache.catalina.core.StandardContext.reload Reloading Context with name [/test2] is completed
04-Jun-2020 14:05:23.219 INFO [Catalina-utility-1] org.apache.catalina.startup.HostConfig.undeploy Undeploying context [/test]
04-Jun-2020 14:05:23.230 INFO [Catalina-utility-1] org.apache.catalina.startup.HostConfig.deployDirectory Deploying web application directory [/home/ec2-user/environment/AJP-Training/社内研修(Webアプリケーション)/Stage1-A/Tomcat/webapps/Stage1-A]
04-Jun-2020 14:05:23.253 INFO [Catalina-utility-1] org.apache.catalina.startup.HostConfig.deployDirectory Deployment of web application directory [/home/ec2-user/environment/AJP-Training/社内研修(Webアプリケーション)/Stage1-A/Tomcat/webapps/Stage1-A] has finished in [23] ms
04-Jun-2020 14:19:33.357 INFO [Catalina-utility-1] org.apache.catalina.startup.HostConfig.reload Reloading context [/Stage1-A]
04-Jun-2020 14:19:33.357 INFO [Catalina-utility-1] org.apache.catalina.core.StandardContext.reload Reloading Context with name [/Stage1-A] has started
04-Jun-2020 14:19:33.391 INFO [Catalina-utility-1] org.apache.catalina.core.StandardContext.reload Reloading Context with name [/Stage1-A] is completed
04-Jun-2020 14:22:03.407 INFO [Catalina-utility-1] org.apache.catalina.startup.HostConfig.reload Reloading context [/Stage1-A]
04-Jun-2020 14:22:03.407 INFO [Catalina-utility-1] org.apache.catalina.core.StandardContext.reload Reloading Context with name [/Stage1-A] has started
04-Jun-2020 14:22:03.436 INFO [Catalina-utility-1] org.apache.catalina.core.StandardContext.reload Reloading Context with name [/Stage1-A] is completed
04-Jun-2020 14:23:23.945 INFO [Catalina-utility-1] org.apache.catalina.startup.HostConfig.undeploy Undeploying context [/test2]
04-Jun-2020 14:25:23.960 INFO [Catalina-utility-1] org.apache.catalina.startup.HostConfig.deployDirectory Deploying web application directory [/home/ec2-user/environment/AJP-Training/社内研修(Webアプリケーション)/Stage1-A/Tomcat/webapps/test3]
04-Jun-2020 14:25:23.995 INFO [Catalina-utility-1] org.apache.catalina.startup.HostConfig.deployDirectory Deployment of web application directory [/home/ec2-user/environment/AJP-Training/社内研修(Webアプリケーション)/Stage1-A/Tomcat/webapps/test3] has finished in [35] ms
04-Jun-2020 14:27:44.011 INFO [Catalina-utility-1] org.apache.catalina.startup.HostConfig.reload Reloading context [/test3]
04-Jun-2020 14:27:44.011 INFO [Catalina-utility-1] org.apache.catalina.core.StandardContext.reload Reloading Context with name [/test3] has started
04-Jun-2020 14:27:44.049 INFO [Catalina-utility-1] org.apache.catalina.core.StandardContext.reload Reloading Context with name [/test3] is completed
04-Jun-2020 14:58:34.239 INFO [Catalina-utility-1] org.apache.catalina.startup.HostConfig.reload Reloading context [/test3]
04-Jun-2020 14:58:34.239 INFO [Catalina-utility-1] org.apache.catalina.core.StandardContext.reload Reloading Context with name [/test3] has started
04-Jun-2020 14:58:34.261 INFO [Catalina-utility-1] org.apache.catalina.core.StandardContext.reload Reloading Context with name [/test3] is completed
04-Jun-2020 15:03:24.791 INFO [Catalina-utility-2] org.apache.catalina.startup.HostConfig.undeploy Undeploying context [/test3]
04-Jun-2020 15:07:34.826 INFO [Catalina-utility-1] org.apache.catalina.startup.HostConfig.reload Reloading context [/Stage1-A]
04-Jun-2020 15:07:34.826 INFO [Catalina-utility-1] org.apache.catalina.core.StandardContext.reload Reloading Context with name [/Stage1-A] has started
04-Jun-2020 15:07:34.843 INFO [Catalina-utility-1] org.apache.catalina.core.StandardContext.reload Reloading Context with name [/Stage1-A] is completed
04-Jun-2020 15:07:54.845 INFO [Catalina-utility-1] org.apache.catalina.startup.HostConfig.reload Reloading context [/Stage1-A]
04-Jun-2020 15:07:54.845 INFO [Catalina-utility-1] org.apache.catalina.core.StandardContext.reload Reloading Context with name [/Stage1-A] has started
04-Jun-2020 15:07:54.870 INFO [Catalina-utility-1] org.apache.catalina.core.StandardContext.reload Reloading Context with name [/Stage1-A] is completed
